<?xml version="1.0" encoding="UTF-8"?>
<!-- Generated by org.testng.reporters.JUnitXMLReporter -->
<testsuite hostname="DESKTOP-CNF0L2U" ignored="0" name="Default test" tests="2" failures="0" timestamp="2022-06-15T20:12:45 EEST" time="55.272" errors="0">
  <testcase name="runner" time="22.958" classname="webAutomation.Elearning.unitbv.TestSuite.RunnerLoginTest"/>
  <testcase name="runner" time="18.9" classname="webAutomation.Elearning.unitbv.TestSuite.RunnerLoginTest"/>
</testsuite> <!-- Default test -->
