<?xml version="1.0" encoding="UTF-8"?>
<!-- Generated by org.testng.reporters.JUnitXMLReporter -->
<testsuite hostname="DESKTOP-CNF0L2U" ignored="0" name="Default test" tests="4" failures="0" timestamp="2022-06-12T02:40:01 EEST" time="149.32" errors="0">
  <testcase name="runner" time="15.184" classname="webAutomation.Elearning.unitbv.TestSuite.TestRunner"/>
  <testcase name="runner_calender" time="50.436" classname="webAutomation.Elearning.unitbv.TestSuite.TestRunner"/>
  <testcase name="runner_grade" time="26.545" classname="webAutomation.Elearning.unitbv.TestSuite.TestRunner"/>
  <testcase name="runner_postAnnouncement" time="47.686" classname="webAutomation.Elearning.unitbv.TestSuite.TestRunner"/>
</testsuite> <!-- Default test -->
