<?xml version="1.0" encoding="UTF-8"?>
<!-- Generated by org.testng.reporters.JUnitXMLReporter -->
<testsuite hostname="DESKTOP-CNF0L2U" ignored="3" name="Test" tests="4" failures="0" timestamp="2022-06-19T10:10:41 EEST" time="149.569" errors="0">
  <testcase name="runner" time="15.104" classname="webAutomation.Elearning.unitbv.TestSuite.RunnerLoginTest"/>
  <testcase name="runner_calender" time="42.287" classname="webAutomation.Elearning.unitbv.TestSuite.RunnerCalendarEventTest"/>
  <testcase name="runner_postAnnouncement" time="41.716" classname="webAutomation.Elearning.unitbv.TestSuite.RunnerPostMessageTest"/>
  <testcase name="runner_grade" time="27.602" classname="webAutomation.Elearning.unitbv.TestSuite.RunnerGradeTest"/>
  <testcase name="@AfterSuite tearDown" time="0.0" classname="webAutomation.Elearning.unitbv.Base.Base_class">
    <ignored/>
  </testcase> <!-- @AfterSuite tearDown -->
  <testcase name="@AfterSuite tearDown" time="0.0" classname="webAutomation.Elearning.unitbv.Base.Base_class">
    <ignored/>
  </testcase> <!-- @AfterSuite tearDown -->
  <testcase name="@AfterSuite tearDown" time="0.0" classname="webAutomation.Elearning.unitbv.Base.Base_class">
    <ignored/>
  </testcase> <!-- @AfterSuite tearDown -->
</testsuite> <!-- Test -->
