<?xml version="1.0" encoding="UTF-8"?>
<!-- Generated by org.testng.reporters.JUnitXMLReporter -->
<testsuite ignored="3" hostname="DESKTOP-CNF0L2U" failures="0" tests="4" name="Test" time="130.314" errors="0" timestamp="2022-08-10T17:31:22 EEST">
  <testcase classname="webAutomation.Elearning.unitbv.TestSuite.RunnerLoginTest" name="runner" time="13.955"/>
  <testcase classname="webAutomation.Elearning.unitbv.TestSuite.RunnerCalendarEventTest" name="runner_calender" time="37.616"/>
  <testcase classname="webAutomation.Elearning.unitbv.TestSuite.RunnerPostMessageTest" name="runner_postAnnouncement" time="33.828"/>
  <testcase classname="webAutomation.Elearning.unitbv.TestSuite.RunnerGradeTest" name="runner_grade" time="25.152"/>
  <testcase classname="webAutomation.Elearning.unitbv.Base.Base_class" name="@AfterSuite tearDown" time="0.0">
    <ignored/>
  </testcase> <!-- @AfterSuite tearDown -->
  <testcase classname="webAutomation.Elearning.unitbv.Base.Base_class" name="@AfterSuite tearDown" time="0.0">
    <ignored/>
  </testcase> <!-- @AfterSuite tearDown -->
  <testcase classname="webAutomation.Elearning.unitbv.Base.Base_class" name="@AfterSuite tearDown" time="0.0">
    <ignored/>
  </testcase> <!-- @AfterSuite tearDown -->
</testsuite> <!-- Test -->
