<?xml version="1.0" encoding="UTF-8"?>
<!-- Generated by org.testng.reporters.JUnitXMLReporter -->
<testsuite hostname="DESKTOP-CNF0L2U" ignored="0" name="Test3" tests="2" failures="0" timestamp="2022-06-13T21:05:49 EEST" time="115.85" errors="0">
  <testcase name="runner_calender" time="57.653" classname="webAutomation.Elearning.unitbv.TestSuite.RunnerCalendarEventTest"/>
  <testcase name="runner_calender" time="51.498" classname="webAutomation.Elearning.unitbv.TestSuite.RunnerCalendarEventTest"/>
</testsuite> <!-- Test3 -->
