<?xml version="1.0" encoding="UTF-8"?>
<testng-results skipped="0" failed="0" ignored="0" total="1" passed="1">
  <reporter-output>
  </reporter-output>
  <suite name="Default suite" duration-ms="26677" started-at="2022-06-19T13:29:39 EEST" finished-at="2022-06-19T13:30:05 EEST">
    <groups>
    </groups>
    <test name="Default test" duration-ms="26677" started-at="2022-06-19T13:29:39 EEST" finished-at="2022-06-19T13:30:05 EEST">
      <class name="webAutomation.Elearning.unitbv.TestSuite.RunnerLoginTest">
        <test-method status="PASS" signature="Setup()[pri:0, instance:webAutomation.Elearning.unitbv.TestSuite.RunnerLoginTest@365c30cc]" name="Setup" is-config="true" duration-ms="9153" started-at="2022-06-19T13:29:40 EEST" finished-at="2022-06-19T13:29:49 EEST">
          <reporter-output>
          </reporter-output>
        </test-method> <!-- Setup -->
        <test-method status="PASS" signature="runner(java.lang.String,java.lang.String)[pri:0, instance:webAutomation.Elearning.unitbv.TestSuite.RunnerLoginTest@365c30cc]" name="runner" duration-ms="15544" started-at="2022-06-19T13:29:49 EEST" data-provider="testDataLogin" finished-at="2022-06-19T13:30:05 EEST">
          <params>
            <param index="0">
              <value>
                <![CDATA[ionela.chiriac@student.unitbv.ro]]>
              </value>
            </param>
            <param index="1">
              <value>
                <![CDATA[Ionela2022]]>
              </value>
            </param>
          </params>
          <reporter-output>
          </reporter-output>
        </test-method> <!-- runner -->
        <test-method status="PASS" signature="closeTests()[pri:0, instance:webAutomation.Elearning.unitbv.TestSuite.RunnerLoginTest@365c30cc]" name="closeTests" is-config="true" duration-ms="594" started-at="2022-06-19T13:30:05 EEST" finished-at="2022-06-19T13:30:05 EEST">
          <reporter-output>
          </reporter-output>
        </test-method> <!-- closeTests -->
        <test-method status="PASS" signature="tearDown()[pri:0, instance:webAutomation.Elearning.unitbv.TestSuite.RunnerLoginTest@365c30cc]" name="tearDown" is-config="true" duration-ms="1369" started-at="2022-06-19T13:30:05 EEST" finished-at="2022-06-19T13:30:07 EEST">
          <reporter-output>
          </reporter-output>
        </test-method> <!-- tearDown -->
      </class> <!-- webAutomation.Elearning.unitbv.TestSuite.RunnerLoginTest -->
    </test> <!-- Default test -->
  </suite> <!-- Default suite -->
</testng-results>
